<?xml version="1.0" encoding="UTF-8"?>
<robot generator="Robot 5.0.1 (Python 3.11.1 on win32)" generated="20240529 12:16:17.423" rpa="false" schemaversion="3">
<suite id="s1" name="Automacao-Web" source="E:\Estudos 2024\automacao-web">
<suite id="s1-s1" name="Test" source="E:\Estudos 2024\automacao-web\test">
<suite id="s1-s1-s1" name="Account Create Test" source="E:\Estudos 2024\automacao-web\test\account_create_test.robot">
<test id="s1-s1-s1-t1" name="Scenario: Validar conta criada com sucesso" line="35">
<kw name="[Setup] background test setup" library="keywords">
<kw name="Given eu acesso a URL &quot;${URL}&quot;" library="keywords" sourcename="eu acesso a URL &quot;${URL}&quot;">
<kw name="Open Browser" library="SeleniumLibrary">
<arg>url=${URL}</arg>
<arg>browser=${BROWSER}</arg>
<doc>Opens a new browser instance to the optional ``url``.</doc>
<msg timestamp="20240529 12:16:17.625" level="INFO">Opening browser 'chrome' to base url 'https://automationexercise.com/login'.</msg>
<status status="PASS" starttime="20240529 12:16:17.625" endtime="20240529 12:16:21.789"/>
</kw>
<status status="PASS" starttime="20240529 12:16:17.622" endtime="20240529 12:16:21.789"/>
</kw>
<kw name="And eu preencho o campo nome com &quot;${NAME}&quot;" library="keywords" sourcename="eu preencho o campo nome com &quot;${NAME}&quot;">
<kw name="Input Text" library="SeleniumLibrary">
<arg>${SIGNUP_NAME}</arg>
<arg>${NAME}</arg>
<doc>Types the given ``text`` into the text field identified by ``locator``.</doc>
<msg timestamp="20240529 12:16:21.795" level="INFO">Typing text 'John' into text field 'css:input[data-qa='signup-name']'.</msg>
<status status="PASS" starttime="20240529 12:16:21.794" endtime="20240529 12:16:21.851"/>
</kw>
<status status="PASS" starttime="20240529 12:16:21.791" endtime="20240529 12:16:21.851"/>
</kw>
<kw name="And eu preencho o campo Email com &quot;${EMAIL}&quot;" library="keywords" sourcename="eu preencho o campo Email com &quot;${EMAIL}&quot;">
<kw name="Input Text" library="SeleniumLibrary">
<arg>${SIGNUP_EMAIL}</arg>
<arg>${EMAIL}</arg>
<arg>${True}</arg>
<doc>Types the given ``text`` into the text field identified by ``locator``.</doc>
<msg timestamp="20240529 12:16:21.856" level="INFO">Typing text 'John_email1010@gmail.com' into text field 'css:input[data-qa='signup-email']'.</msg>
<status status="PASS" starttime="20240529 12:16:21.856" endtime="20240529 12:16:21.909"/>
</kw>
<status status="PASS" starttime="20240529 12:16:21.854" endtime="20240529 12:16:21.910"/>
</kw>
<kw name="And eu clico em Signup" library="keywords">
<kw name="Click Button" library="SeleniumLibrary">
<arg>${SIGNUP_BUTTON}</arg>
<doc>Clicks the button identified by ``locator``.</doc>
<msg timestamp="20240529 12:16:21.914" level="INFO">Clicking button 'css:button[data-qa='signup-button']'.</msg>
<status status="PASS" starttime="20240529 12:16:21.914" endtime="20240529 12:16:24.226"/>
</kw>
<status status="PASS" starttime="20240529 12:16:21.912" endtime="20240529 12:16:24.226"/>
</kw>
<status status="PASS" starttime="20240529 12:16:17.621" endtime="20240529 12:16:24.229"/>
</kw>
<kw name="Given que estou na pagina para preencher os dados" library="account_create_steps">
<kw name="Wait Until Page Contains" library="SeleniumLibrary">
<arg>Enter Account Information</arg>
<doc>Waits until ``text`` appears on the current page.</doc>
<status status="PASS" starttime="20240529 12:16:24.231" endtime="20240529 12:16:24.239"/>
</kw>
<status status="PASS" starttime="20240529 12:16:24.229" endtime="20240529 12:16:24.239"/>
</kw>
<kw name="And eu preencho o campo password" library="account_create_steps">
<kw name="Wait Until Element Is Visible" library="SeleniumLibrary">
<arg>${PASSWORD}</arg>
<doc>Waits until the element ``locator`` is visible.</doc>
<status status="PASS" starttime="20240529 12:16:24.244" endtime="20240529 12:16:24.259"/>
</kw>
<kw name="Input Password" library="SeleniumLibrary">
<arg>${PASSWORD}</arg>
<arg>123456</arg>
<doc>Types the given password into the text field identified by ``locator``.</doc>
<msg timestamp="20240529 12:16:24.260" level="INFO">Typing password into text field 'id:password'.</msg>
<msg timestamp="20240529 12:16:24.280" level="INFO">Temporally setting log level to: NONE</msg>
<msg timestamp="20240529 12:16:24.304" level="INFO">Log level changed from NONE to INFO.</msg>
<status status="PASS" starttime="20240529 12:16:24.260" endtime="20240529 12:16:24.305"/>
</kw>
<status status="PASS" starttime="20240529 12:16:24.241" endtime="20240529 12:16:24.305"/>
</kw>
<kw name="And eu preencho o campo first name" library="account_create_steps">
<kw name="Wait Until Element Is Visible" library="SeleniumLibrary">
<arg>${FIRST_NAME}</arg>
<doc>Waits until the element ``locator`` is visible.</doc>
<status status="PASS" starttime="20240529 12:16:24.312" endtime="20240529 12:16:24.328"/>
</kw>
<kw name="Input Text" library="SeleniumLibrary">
<arg>${FIRST_NAME}</arg>
<arg>John</arg>
<doc>Types the given ``text`` into the text field identified by ``locator``.</doc>
<msg timestamp="20240529 12:16:24.328" level="INFO">Typing text 'John' into text field 'id:first_name'.</msg>
<status status="PASS" starttime="20240529 12:16:24.328" endtime="20240529 12:16:24.437"/>
</kw>
<status status="PASS" starttime="20240529 12:16:24.309" endtime="20240529 12:16:24.438"/>
</kw>
<kw name="And eu preencho o campo last name" library="account_create_steps">
<kw name="Wait Until Element Is Visible" library="SeleniumLibrary">
<arg>${LAST_NAME}</arg>
<doc>Waits until the element ``locator`` is visible.</doc>
<status status="PASS" starttime="20240529 12:16:24.445" endtime="20240529 12:16:24.509"/>
</kw>
<kw name="Input Text" library="SeleniumLibrary">
<arg>${LAST_NAME}</arg>
<arg>Doe</arg>
<doc>Types the given ``text`` into the text field identified by ``locator``.</doc>
<msg timestamp="20240529 12:16:24.510" level="INFO">Typing text 'Doe' into text field 'id:last_name'.</msg>
<status status="PASS" starttime="20240529 12:16:24.509" endtime="20240529 12:16:24.561"/>
</kw>
<status status="PASS" starttime="20240529 12:16:24.442" endtime="20240529 12:16:24.561"/>
</kw>
<kw name="And eu preencho o campo address" library="account_create_steps">
<kw name="Scroll Element Into View" library="SeleniumLibrary">
<arg>${ADDRESS}</arg>
<doc>Scrolls the element identified by ``locator`` into view.</doc>
<status status="PASS" starttime="20240529 12:16:24.566" endtime="20240529 12:16:24.855"/>
</kw>
<kw name="Input Text" library="SeleniumLibrary">
<arg>${ADDRESS}</arg>
<arg>Rua Ayrton Senna</arg>
<doc>Types the given ``text`` into the text field identified by ``locator``.</doc>
<msg timestamp="20240529 12:16:24.855" level="INFO">Typing text 'Rua Ayrton Senna' into text field 'id:address1'.</msg>
<status status="PASS" starttime="20240529 12:16:24.855" endtime="20240529 12:16:24.911"/>
</kw>
<status status="PASS" starttime="20240529 12:16:24.563" endtime="20240529 12:16:24.911"/>
</kw>
<kw name="And eu preencho o campo state" library="account_create_steps">
<kw name="Scroll Element Into View" library="SeleniumLibrary">
<arg>${STATE}</arg>
<doc>Scrolls the element identified by ``locator`` into view.</doc>
<status status="PASS" starttime="20240529 12:16:24.917" endtime="20240529 12:16:25.195"/>
</kw>
<kw name="Input Text" library="SeleniumLibrary">
<arg>${STATE}</arg>
<arg>Rua Ayrton Senna</arg>
<doc>Types the given ``text`` into the text field identified by ``locator``.</doc>
<msg timestamp="20240529 12:16:25.195" level="INFO">Typing text 'Rua Ayrton Senna' into text field 'id:state'.</msg>
<status status="PASS" starttime="20240529 12:16:25.195" endtime="20240529 12:16:25.269"/>
</kw>
<status status="PASS" starttime="20240529 12:16:24.914" endtime="20240529 12:16:25.269"/>
</kw>
<kw name="And eu preencho o campo city" library="account_create_steps">
<kw name="Scroll Element Into View" library="SeleniumLibrary">
<arg>${CITY}</arg>
<doc>Scrolls the element identified by ``locator`` into view.</doc>
<status status="PASS" starttime="20240529 12:16:25.275" endtime="20240529 12:16:25.549"/>
</kw>
<kw name="Input Text" library="SeleniumLibrary">
<arg>${CITY}</arg>
<arg>Rua Ayrton Senna</arg>
<doc>Types the given ``text`` into the text field identified by ``locator``.</doc>
<msg timestamp="20240529 12:16:25.550" level="INFO">Typing text 'Rua Ayrton Senna' into text field 'id:city'.</msg>
<status status="PASS" starttime="20240529 12:16:25.550" endtime="20240529 12:16:25.622"/>
</kw>
<status status="PASS" starttime="20240529 12:16:25.272" endtime="20240529 12:16:25.622"/>
</kw>
<kw name="And eu preencho o campo zipcode" library="account_create_steps">
<kw name="Scroll Element Into View" library="SeleniumLibrary">
<arg>${ZIP_CODE}</arg>
<doc>Scrolls the element identified by ``locator`` into view.</doc>
<status status="PASS" starttime="20240529 12:16:25.629" endtime="20240529 12:16:25.905"/>
</kw>
<kw name="Input Text" library="SeleniumLibrary">
<arg>${ZIP_CODE}</arg>
<arg>Rua Ayrton Senna</arg>
<doc>Types the given ``text`` into the text field identified by ``locator``.</doc>
<msg timestamp="20240529 12:16:25.906" level="INFO">Typing text 'Rua Ayrton Senna' into text field 'id:zipcode'.</msg>
<status status="PASS" starttime="20240529 12:16:25.906" endtime="20240529 12:16:25.965"/>
</kw>
<status status="PASS" starttime="20240529 12:16:25.626" endtime="20240529 12:16:25.966"/>
</kw>
<kw name="And eu preencho o campo mobile number" library="account_create_steps">
<kw name="Scroll Element Into View" library="SeleniumLibrary">
<arg>${MOBILE_NUMBER}</arg>
<doc>Scrolls the element identified by ``locator`` into view.</doc>
<status status="PASS" starttime="20240529 12:16:25.971" endtime="20240529 12:16:26.260"/>
</kw>
<kw name="Input Text" library="SeleniumLibrary">
<arg>${MOBILE_NUMBER}</arg>
<arg>Rua Ayrton Senna</arg>
<doc>Types the given ``text`` into the text field identified by ``locator``.</doc>
<msg timestamp="20240529 12:16:26.261" level="INFO">Typing text 'Rua Ayrton Senna' into text field 'id:mobile_number'.</msg>
<status status="PASS" starttime="20240529 12:16:26.261" endtime="20240529 12:16:26.314"/>
</kw>
<status status="PASS" starttime="20240529 12:16:25.969" endtime="20240529 12:16:26.315"/>
</kw>
<kw name="When eu clico em &quot;Create Account&quot;" library="account_create_steps">
<kw name="Click Button" library="SeleniumLibrary">
<arg>${CREATE_ACCOUNT_BUTTON}</arg>
<doc>Clicks the button identified by ``locator``.</doc>
<msg timestamp="20240529 12:16:26.320" level="INFO">Clicking button 'css:button[data-qa='create-account']'.</msg>
<status status="PASS" starttime="20240529 12:16:26.320" endtime="20240529 12:16:27.676"/>
</kw>
<status status="PASS" starttime="20240529 12:16:26.318" endtime="20240529 12:16:27.676"/>
</kw>
<kw name="Then valido que a conta foi criada com sucesso" library="account_create_steps">
<kw name="Wait Until Element Is Visible" library="SeleniumLibrary">
<arg>${ACCOUNT_CREATED}</arg>
<doc>Waits until the element ``locator`` is visible.</doc>
<status status="PASS" starttime="20240529 12:16:27.681" endtime="20240529 12:16:27.693"/>
</kw>
<kw name="Page Should Contain" library="SeleniumLibrary">
<arg>Congratulations! Your new account has been successfully created!</arg>
<doc>Verifies that current page contains ``text``.</doc>
<msg timestamp="20240529 12:16:27.701" level="INFO">Current page contains text 'Congratulations! Your new account has been successfully created!'.</msg>
<status status="PASS" starttime="20240529 12:16:27.693" endtime="20240529 12:16:27.701"/>
</kw>
<kw name="Page Should Contain" library="SeleniumLibrary">
<arg>You can now take advantage of member privileges to enhance your online shopping experience with us.</arg>
<doc>Verifies that current page contains ``text``.</doc>
<msg timestamp="20240529 12:16:27.709" level="INFO">Current page contains text 'You can now take advantage of member privileges to enhance your online shopping experience with us.'.</msg>
<status status="PASS" starttime="20240529 12:16:27.701" endtime="20240529 12:16:27.709"/>
</kw>
<status status="PASS" starttime="20240529 12:16:27.678" endtime="20240529 12:16:27.709"/>
</kw>
<status status="PASS" starttime="20240529 12:16:17.620" endtime="20240529 12:16:27.712"/>
</test>
<status status="PASS" starttime="20240529 12:16:17.449" endtime="20240529 12:16:27.713"/>
</suite>
<status status="PASS" starttime="20240529 12:16:17.445" endtime="20240529 12:16:27.714"/>
</suite>
<status status="PASS" starttime="20240529 12:16:17.426" endtime="20240529 12:16:27.715"/>
</suite>
<statistics>
<total>
<stat pass="1" fail="0" skip="0">All Tests</stat>
</total>
<tag>
</tag>
<suite>
<stat pass="1" fail="0" skip="0" id="s1" name="Automacao-Web">Automacao-Web</stat>
<stat pass="1" fail="0" skip="0" id="s1-s1" name="Test">Automacao-Web.Test</stat>
<stat pass="1" fail="0" skip="0" id="s1-s1-s1" name="Account Create Test">Automacao-Web.Test.Account Create Test</stat>
</suite>
</statistics>
<errors>
</errors>
</robot>
